# JRE version: Java(TM) SE Runtime Environment (8.0_341-b10) (build 1.8.0_341-b10)
# Java VM: Java HotSpot(TM) 64-Bit Server VM (25.341-b10 mixed mode windows-amd64 compressed oops)
Heap:
 PSYoungGen      total 57344K, used 40209K [0x0000000780900000, 0x0000000787100000, 0x00000007c0000000)
  eden space 49152K, 69% used [0x0000000780900000,0x0000000782a77fe0,0x0000000783900000)
  from space 8192K, 72% used [0x0000000783900000,0x0000000783ecc6c0,0x0000000784100000)
  to   space 9728K, 0% used [0x0000000786780000,0x0000000786780000,0x0000000787100000)
 ParOldGen       total 67072K, used 6744K [0x0000000701a00000, 0x0000000705b80000, 0x0000000780900000)
  object space 67072K, 10% used [0x0000000701a00000,0x0000000702096310,0x0000000705b80000)
 Metaspace       used 29082K, capacity 31092K, committed 31104K, reserved 1077248K
  class space    used 3806K, capacity 4214K, committed 4224K, reserved 1048576K
GC Heap History (10 events):
Event: 2.803 GC heap before
{Heap before GC invocations=2 (full 0):
 PSYoungGen      total 57344K, used 54353K [0x0000000780900000, 0x0000000784900000, 0x00000007c0000000)
  eden space 49152K, 100% used [0x0000000780900000,0x0000000783900000,0x0000000783900000)
  from space 8192K, 63% used [0x0000000783900000,0x0000000783e14770,0x0000000784100000)
  to   space 8192K, 0% used [0x0000000784100000,0x0000000784100000,0x0000000784900000)
 ParOldGen       total 131072K, used 16K [0x0000000701a00000, 0x0000000709a00000, 0x0000000780900000)
  object space 131072K, 0% used [0x0000000701a00000,0x0000000701a04000,0x0000000709a00000)
 Metaspace       used 15007K, capacity 16326K, committed 16512K, reserved 1062912K
  class space    used 1856K, capacity 2121K, committed 2176K, reserved 1048576K
Event: 2.810 GC heap after
Heap after GC invocations=2 (full 0):
 PSYoungGen      total 57344K, used 6808K [0x0000000780900000, 0x0000000784900000, 0x00000007c0000000)
  eden space 49152K, 0% used [0x0000000780900000,0x0000000780900000,0x0000000783900000)
  from space 8192K, 83% used [0x0000000784100000,0x00000007847a63e0,0x0000000784900000)
  to   space 8192K, 0% used [0x0000000783900000,0x0000000783900000,0x0000000784100000)
 ParOldGen       total 131072K, used 32K [0x0000000701a00000, 0x0000000709a00000, 0x0000000780900000)
  object space 131072K, 0% used [0x0000000701a00000,0x0000000701a08000,0x0000000709a00000)
 Metaspace       used 15007K, capacity 16326K, committed 16512K, reserved 1062912K
  class space    used 1856K, capacity 2121K, committed 2176K, reserved 1048576K
}
Event: 4.076 GC heap before
{Heap before GC invocations=3 (full 0):
 PSYoungGen      total 57344K, used 55960K [0x0000000780900000, 0x0000000784900000, 0x00000007c0000000)
  eden space 49152K, 100% used [0x0000000780900000,0x0000000783900000,0x0000000783900000)
  from space 8192K, 83% used [0x0000000784100000,0x00000007847a63e0,0x0000000784900000)
  to   space 8192K, 0% used [0x0000000783900000,0x0000000783900000,0x0000000784100000)
 ParOldGen       total 131072K, used 32K [0x0000000701a00000, 0x0000000709a00000, 0x0000000780900000)
  object space 131072K, 0% used [0x0000000701a00000,0x0000000701a08000,0x0000000709a00000)
 Metaspace       used 19395K, capacity 20766K, committed 20992K, reserved 1067008K
  class space    used 2426K, capacity 2713K, committed 2816K, reserved 1048576K
Event: 4.087 GC heap after
Heap after GC invocations=3 (full 0):
 PSYoungGen      total 57344K, used 8184K [0x0000000780900000, 0x0000000784900000, 0x00000007c0000000)
  eden space 49152K, 0% used [0x0000000780900000,0x0000000780900000,0x0000000783900000)
  from space 8192K, 99% used [0x0000000783900000,0x00000007840fe340,0x0000000784100000)
  to   space 8192K, 0% used [0x0000000784100000,0x0000000784100000,0x0000000784900000)
 ParOldGen       total 131072K, used 1542K [0x0000000701a00000, 0x0000000709a00000, 0x0000000780900000)
  object space 131072K, 1% used [0x0000000701a00000,0x0000000701b81998,0x0000000709a00000)
 Metaspace       used 19395K, capacity 20766K, committed 20992K, reserved 1067008K
  class space    used 2426K, capacity 2713K, committed 2816K, reserved 1048576K
}
Event: 4.143 GC heap before
{Heap before GC invocations=4 (full 0):
 PSYoungGen      total 57344K, used 12289K [0x0000000780900000, 0x0000000784900000, 0x00000007c0000000)
  eden space 49152K, 8% used [0x0000000780900000,0x0000000780d021c8,0x0000000783900000)
  from space 8192K, 99% used [0x0000000783900000,0x00000007840fe340,0x0000000784100000)
  to   space 8192K, 0% used [0x0000000784100000,0x0000000784100000,0x0000000784900000)
 ParOldGen       total 131072K, used 1542K [0x0000000701a00000, 0x0000000709a00000, 0x0000000780900000)
  object space 131072K, 1% used [0x0000000701a00000,0x0000000701b81998,0x0000000709a00000)
 Metaspace       used 19784K, capacity 21130K, committed 21248K, reserved 1067008K
  class space    used 2465K, capacity 2747K, committed 2816K, reserved 1048576K
Event: 4.152 GC heap after
Heap after GC invocations=4 (full 0):
 PSYoungGen      total 57344K, used 6882K [0x0000000780900000, 0x0000000787900000, 0x00000007c0000000)
  eden space 49152K, 0% used [0x0000000780900000,0x0000000780900000,0x0000000783900000)
  from space 8192K, 84% used [0x0000000784100000,0x00000007847b8b78,0x0000000784900000)
  to   space 8192K, 0% used [0x0000000783900000,0x0000000783900000,0x0000000784100000)
 ParOldGen       total 131072K, used 1550K [0x0000000701a00000, 0x0000000709a00000, 0x0000000780900000)
  object space 131072K, 1% used [0x0000000701a00000,0x0000000701b83998,0x0000000709a00000)
 Metaspace       used 19784K, capacity 21130K, committed 21248K, reserved 1067008K
  class space    used 2465K, capacity 2747K, committed 2816K, reserved 1048576K
}
Event: 4.152 GC heap before
{Heap before GC invocations=5 (full 1):
 PSYoungGen      total 57344K, used 6882K [0x0000000780900000, 0x0000000787900000, 0x00000007c0000000)
  eden space 49152K, 0% used [0x0000000780900000,0x0000000780900000,0x0000000783900000)
  from space 8192K, 84% used [0x0000000784100000,0x00000007847b8b78,0x0000000784900000)
  to   space 8192K, 0% used [0x0000000783900000,0x0000000783900000,0x0000000784100000)
 ParOldGen       total 131072K, used 1550K [0x0000000701a00000, 0x0000000709a00000, 0x0000000780900000)
  object space 131072K, 1% used [0x0000000701a00000,0x0000000701b83998,0x0000000709a00000)
 Metaspace       used 19784K, capacity 21130K, committed 21248K, reserved 1067008K
  class space    used 2465K, capacity 2747K, committed 2816K, reserved 1048576K
Event: 4.190 GC heap after
Heap after GC invocations=5 (full 1):
 PSYoungGen      total 57344K, used 0K [0x0000000780900000, 0x0000000787900000, 0x00000007c0000000)
  eden space 49152K, 0% used [0x0000000780900000,0x0000000780900000,0x0000000783900000)
  from space 8192K, 0% used [0x0000000784100000,0x0000000784100000,0x0000000784900000)
  to   space 8192K, 0% used [0x0000000783900000,0x0000000783900000,0x0000000784100000)
 ParOldGen       total 67072K, used 6736K [0x0000000701a00000, 0x0000000705b80000, 0x0000000780900000)
  object space 67072K, 10% used [0x0000000701a00000,0x0000000702094310,0x0000000705b80000)
 Metaspace       used 19784K, capacity 21130K, committed 21248K, reserved 1067008K
  class space    used 2465K, capacity 2747K, committed 2816K, reserved 1048576K
}
Event: 5.327 GC heap before
{Heap before GC invocations=6 (full 1):
 PSYoungGen      total 57344K, used 49152K [0x0000000780900000, 0x0000000787900000, 0x00000007c0000000)
  eden space 49152K, 100% used [0x0000000780900000,0x0000000783900000,0x0000000783900000)
  from space 8192K, 0% used [0x0000000784100000,0x0000000784100000,0x0000000784900000)
  to   space 8192K, 0% used [0x0000000783900000,0x0000000783900000,0x0000000784100000)
 ParOldGen       total 67072K, used 6736K [0x0000000701a00000, 0x0000000705b80000, 0x0000000780900000)
  object space 67072K, 10% used [0x0000000701a00000,0x0000000702094310,0x0000000705b80000)
 Metaspace       used 26227K, capacity 27982K, committed 28032K, reserved 1073152K
  class space    used 3357K, capacity 3711K, committed 3712K, reserved 1048576K
Event: 5.336 GC heap after
Heap after GC invocations=6 (full 1):
 PSYoungGen      total 57344K, used 5937K [0x0000000780900000, 0x0000000787100000, 0x00000007c0000000)
  eden space 49152K, 0% used [0x0000000780900000,0x0000000780900000,0x0000000783900000)
  from space 8192K, 72% used [0x0000000783900000,0x0000000783ecc6c0,0x0000000784100000)
  to   space 9728K, 0% used [0x0000000786780000,0x0000000786780000,0x0000000787100000)
 ParOldGen       total 67072K, used 6744K [0x0000000701a00000, 0x0000000705b80000, 0x0000000780900000)
  object space 67072K, 10% used [0x0000000701a00000,0x0000000702096310,0x0000000705b80000)
 Metaspace       used 26227K, capacity 27982K, committed 28032K, reserved 1073152K
  class space    used 3357K, capacity 3711K, committed 3712K, reserved 1048576K
}

